2025-04-22 01:41:24 INFO  ProjectBackEndApplication - Starting ProjectBackEndApplication using Java 17.0.1 with PID 15128 (C:\Users\dldms\git\Spring\project_back_end\bin\main started by dldms in C:\Users\dldms\git\Spring\project_back_end)
2025-04-22 01:41:24 INFO  ProjectBackEndApplication - No active profile set, falling back to 1 default profile: "default"
2025-04-22 01:41:25 INFO  ChangeableUrls - The Class-Path manifest attribute in C:\Users\dldms\.gradle\caches\modules-2\files-2.1\com.oracle.database.jdbc\ojdbc8\19.8.0.0\df9cff9b91c47d06b9a0482d566ee2d83a03e586\ojdbc8-19.8.0.0.jar referenced one or more files that do not exist: file:/C:/Users/dldms/.gradle/caches/modules-2/files-2.1/com.oracle.database.jdbc/ojdbc8/19.8.0.0/df9cff9b91c47d06b9a0482d566ee2d83a03e586/oraclepki.jar
2025-04-22 01:41:25 INFO  DevToolsPropertyDefaultsPostProcessor - Devtools property defaults active! Set 'spring.devtools.add-properties' to 'false' to disable
2025-04-22 01:41:25 INFO  DevToolsPropertyDefaultsPostProcessor - For additional web related logging consider setting the 'logging.level.web' property to 'DEBUG'
2025-04-22 01:41:31 INFO  TomcatWebServer - Tomcat initialized with port 8081 (http)
2025-04-22 01:41:31 INFO  Http11NioProtocol - Initializing ProtocolHandler ["http-nio-8081"]
2025-04-22 01:41:31 INFO  StandardService - Starting service [Tomcat]
2025-04-22 01:41:31 INFO  StandardEngine - Starting Servlet engine: [Apache Tomcat/10.1.39]
2025-04-22 01:41:32 INFO  [/] - Initializing Spring embedded WebApplicationContext
2025-04-22 01:41:32 INFO  ServletWebServerApplicationContext - Root WebApplicationContext: initialization completed in 7588 ms
2025-04-22 01:41:34 WARN  InitializeUserDetailsBeanManagerConfigurer$InitializeUserDetailsManagerConfigurer - Global AuthenticationManager configured with an AuthenticationProvider bean. UserDetailsService beans will not be used by Spring Security for automatically configuring username/password login. Consider removing the AuthenticationProvider bean. Alternatively, consider using the UserDetailsService in a manually instantiated DaoAuthenticationProvider. If the current configuration is intentional, to turn off this warning, increase the logging level of 'org.springframework.security.config.annotation.authentication.configuration.InitializeUserDetailsBeanManagerConfigurer' to ERROR
2025-04-22 01:41:36 INFO  OptionalLiveReloadServer - LiveReload server is running on port 35729
2025-04-22 01:41:36 INFO  Http11NioProtocol - Starting ProtocolHandler ["http-nio-8081"]
2025-04-22 01:41:36 INFO  TomcatWebServer - Tomcat started on port 8081 (http) with context path '/'
2025-04-22 01:41:36 INFO  ProjectBackEndApplication - Started ProjectBackEndApplication in 14.038 seconds (process running for 16.592)
2025-04-22 01:47:45 INFO  SpringApplicationAdminMXBeanRegistrar$SpringApplicationAdmin - Application shutdown requested.
2025-04-22 01:47:45 INFO  GracefulShutdown - Commencing graceful shutdown. Waiting for active requests to complete
2025-04-22 01:47:45 INFO  Http11NioProtocol - Pausing ProtocolHandler ["http-nio-8081"]
2025-04-22 01:47:46 INFO  GracefulShutdown - Graceful shutdown complete
2025-04-22 01:47:46 INFO  Http11NioProtocol - Stopping ProtocolHandler ["http-nio-8081"]
