2025-04-21 21:59:00 [restartedMain] INFO  BoardFrontEndApplication - Starting BoardFrontEndApplication using Java 17.0.1 with PID 16740 (C:\Users\dldms\git\Spring\project_front_end\bin\main started by dldms in C:\Users\dldms\git\Spring\project_front_end)
2025-04-21 21:59:00 [restartedMain] INFO  BoardFrontEndApplication - No active profile set, falling back to 1 default profile: "default"
2025-04-21 21:59:00 [restartedMain] INFO  ChangeableUrls - The Class-Path manifest attribute in C:\Users\dldms\.gradle\caches\modules-2\files-2.1\com.oracle.database.jdbc\ojdbc8\19.8.0.0\df9cff9b91c47d06b9a0482d566ee2d83a03e586\ojdbc8-19.8.0.0.jar referenced one or more files that do not exist: file:/C:/Users/dldms/.gradle/caches/modules-2/files-2.1/com.oracle.database.jdbc/ojdbc8/19.8.0.0/df9cff9b91c47d06b9a0482d566ee2d83a03e586/oraclepki.jar
2025-04-21 21:59:00 [restartedMain] INFO  DevToolsPropertyDefaultsPostProcessor - Devtools property defaults active! Set 'spring.devtools.add-properties' to 'false' to disable
2025-04-21 21:59:00 [restartedMain] INFO  DevToolsPropertyDefaultsPostProcessor - For additional web related logging consider setting the 'logging.level.web' property to 'DEBUG'
2025-04-21 21:59:02 [restartedMain] WARN  ClassPathMapperScanner - No MyBatis mapper was found in '[front]' package. Please check your configuration.
2025-04-21 21:59:03 [restartedMain] INFO  TomcatWebServer - Tomcat initialized with port 8080 (http)
2025-04-21 21:59:03 [restartedMain] INFO  Http11NioProtocol - Initializing ProtocolHandler ["http-nio-8080"]
2025-04-21 21:59:03 [restartedMain] INFO  StandardService - Starting service [Tomcat]
2025-04-21 21:59:03 [restartedMain] INFO  StandardEngine - Starting Servlet engine: [Apache Tomcat/10.1.39]
2025-04-21 21:59:03 [restartedMain] INFO  [/] - Initializing Spring embedded WebApplicationContext
2025-04-21 21:59:03 [restartedMain] INFO  ServletWebServerApplicationContext - Root WebApplicationContext: initialization completed in 2679 ms
2025-04-21 21:59:03 [restartedMain] WARN  AnnotationConfigServletWebServerApplicationContext - Exception encountered during context initialization - cancelling refresh attempt: org.springframework.beans.factory.BeanCreationException: Error creating bean with name 'dataSource' defined in class path resource [org/springframework/boot/autoconfigure/jdbc/DataSourceConfiguration$Hikari.class]: Failed to instantiate [com.zaxxer.hikari.HikariDataSource]: Factory method 'dataSource' threw exception with message: Failed to determine a suitable driver class
2025-04-21 21:59:03 [restartedMain] INFO  StandardService - Stopping service [Tomcat]
2025-04-21 21:59:04 [restartedMain] INFO  ConditionEvaluationReportLogger - 

Error starting ApplicationContext. To display the condition evaluation report re-run your application with 'debug' enabled.
2025-04-21 21:59:04 [restartedMain] ERROR LoggingFailureAnalysisReporter - 

***************************
APPLICATION FAILED TO START
***************************

Description:

Failed to configure a DataSource: 'url' attribute is not specified and no embedded datasource could be configured.

Reason: Failed to determine a suitable driver class


Action:

Consider the following:
	If you want an embedded database (H2, HSQL or Derby), please put it on the classpath.
	If you have database settings to be loaded from a particular profile you may need to activate it (no profiles are currently active).

2025-04-21 22:00:34 [restartedMain] INFO  BoardFrontEndApplication - Starting BoardFrontEndApplication using Java 17.0.1 with PID 9072 (C:\Users\dldms\git\Spring\project_front_end\bin\main started by dldms in C:\Users\dldms\git\Spring\project_front_end)
2025-04-21 22:00:34 [restartedMain] INFO  BoardFrontEndApplication - No active profile set, falling back to 1 default profile: "default"
2025-04-21 22:00:35 [restartedMain] INFO  ChangeableUrls - The Class-Path manifest attribute in C:\Users\dldms\.gradle\caches\modules-2\files-2.1\com.oracle.database.jdbc\ojdbc8\19.8.0.0\df9cff9b91c47d06b9a0482d566ee2d83a03e586\ojdbc8-19.8.0.0.jar referenced one or more files that do not exist: file:/C:/Users/dldms/.gradle/caches/modules-2/files-2.1/com.oracle.database.jdbc/ojdbc8/19.8.0.0/df9cff9b91c47d06b9a0482d566ee2d83a03e586/oraclepki.jar
2025-04-21 22:00:35 [restartedMain] INFO  DevToolsPropertyDefaultsPostProcessor - Devtools property defaults active! Set 'spring.devtools.add-properties' to 'false' to disable
2025-04-21 22:00:35 [restartedMain] INFO  DevToolsPropertyDefaultsPostProcessor - For additional web related logging consider setting the 'logging.level.web' property to 'DEBUG'
2025-04-21 22:00:36 [restartedMain] WARN  ClassPathMapperScanner - No MyBatis mapper was found in '[front]' package. Please check your configuration.
2025-04-21 22:00:37 [restartedMain] INFO  TomcatWebServer - Tomcat initialized with port 8080 (http)
2025-04-21 22:00:37 [restartedMain] INFO  Http11NioProtocol - Initializing ProtocolHandler ["http-nio-8080"]
2025-04-21 22:00:37 [restartedMain] INFO  StandardService - Starting service [Tomcat]
2025-04-21 22:00:37 [restartedMain] INFO  StandardEngine - Starting Servlet engine: [Apache Tomcat/10.1.39]
2025-04-21 22:00:37 [restartedMain] INFO  [/] - Initializing Spring embedded WebApplicationContext
2025-04-21 22:00:37 [restartedMain] INFO  ServletWebServerApplicationContext - Root WebApplicationContext: initialization completed in 2920 ms
2025-04-21 22:00:38 [restartedMain] WARN  AnnotationConfigServletWebServerApplicationContext - Exception encountered during context initialization - cancelling refresh attempt: org.springframework.beans.factory.BeanCreationException: Error creating bean with name 'dataSource' defined in class path resource [org/springframework/boot/autoconfigure/jdbc/DataSourceConfiguration$Hikari.class]: Failed to instantiate [com.zaxxer.hikari.HikariDataSource]: Factory method 'dataSource' threw exception with message: Failed to determine a suitable driver class
2025-04-21 22:00:38 [restartedMain] INFO  StandardService - Stopping service [Tomcat]
2025-04-21 22:00:38 [restartedMain] INFO  ConditionEvaluationReportLogger - 

Error starting ApplicationContext. To display the condition evaluation report re-run your application with 'debug' enabled.
2025-04-21 22:00:38 [restartedMain] ERROR LoggingFailureAnalysisReporter - 

***************************
APPLICATION FAILED TO START
***************************

Description:

Failed to configure a DataSource: 'url' attribute is not specified and no embedded datasource could be configured.

Reason: Failed to determine a suitable driver class


Action:

Consider the following:
	If you want an embedded database (H2, HSQL or Derby), please put it on the classpath.
	If you have database settings to be loaded from a particular profile you may need to activate it (no profiles are currently active).

2025-04-21 22:06:01 [restartedMain] INFO  BoardFrontEndApplication - Starting BoardFrontEndApplication using Java 17.0.1 with PID 13948 (C:\Users\dldms\git\Spring\project_front_end\bin\main started by dldms in C:\Users\dldms\git\Spring\project_front_end)
2025-04-21 22:06:01 [restartedMain] INFO  BoardFrontEndApplication - No active profile set, falling back to 1 default profile: "default"
2025-04-21 22:06:01 [restartedMain] INFO  ChangeableUrls - The Class-Path manifest attribute in C:\Users\dldms\.gradle\caches\modules-2\files-2.1\com.oracle.database.jdbc\ojdbc8\19.8.0.0\df9cff9b91c47d06b9a0482d566ee2d83a03e586\ojdbc8-19.8.0.0.jar referenced one or more files that do not exist: file:/C:/Users/dldms/.gradle/caches/modules-2/files-2.1/com.oracle.database.jdbc/ojdbc8/19.8.0.0/df9cff9b91c47d06b9a0482d566ee2d83a03e586/oraclepki.jar
2025-04-21 22:06:01 [restartedMain] INFO  DevToolsPropertyDefaultsPostProcessor - Devtools property defaults active! Set 'spring.devtools.add-properties' to 'false' to disable
2025-04-21 22:06:01 [restartedMain] INFO  DevToolsPropertyDefaultsPostProcessor - For additional web related logging consider setting the 'logging.level.web' property to 'DEBUG'
2025-04-21 22:06:03 [restartedMain] WARN  ClassPathMapperScanner - No MyBatis mapper was found in '[front]' package. Please check your configuration.
2025-04-21 22:06:04 [restartedMain] INFO  TomcatWebServer - Tomcat initialized with port 8080 (http)
2025-04-21 22:06:04 [restartedMain] INFO  Http11NioProtocol - Initializing ProtocolHandler ["http-nio-8080"]
2025-04-21 22:06:04 [restartedMain] INFO  StandardService - Starting service [Tomcat]
2025-04-21 22:06:04 [restartedMain] INFO  StandardEngine - Starting Servlet engine: [Apache Tomcat/10.1.39]
2025-04-21 22:06:04 [restartedMain] INFO  [/] - Initializing Spring embedded WebApplicationContext
2025-04-21 22:06:04 [restartedMain] INFO  ServletWebServerApplicationContext - Root WebApplicationContext: initialization completed in 2902 ms
2025-04-21 22:06:05 [restartedMain] WARN  AnnotationConfigServletWebServerApplicationContext - Exception encountered during context initialization - cancelling refresh attempt: org.springframework.beans.factory.BeanCreationException: Error creating bean with name 'dataSource' defined in class path resource [org/springframework/boot/autoconfigure/jdbc/DataSourceConfiguration$Hikari.class]: Failed to instantiate [com.zaxxer.hikari.HikariDataSource]: Factory method 'dataSource' threw exception with message: Failed to determine a suitable driver class
2025-04-21 22:06:05 [restartedMain] INFO  StandardService - Stopping service [Tomcat]
2025-04-21 22:06:05 [restartedMain] INFO  ConditionEvaluationReportLogger - 

Error starting ApplicationContext. To display the condition evaluation report re-run your application with 'debug' enabled.
2025-04-21 22:06:05 [restartedMain] ERROR LoggingFailureAnalysisReporter - 

***************************
APPLICATION FAILED TO START
***************************

Description:

Failed to configure a DataSource: 'url' attribute is not specified and no embedded datasource could be configured.

Reason: Failed to determine a suitable driver class


Action:

Consider the following:
	If you want an embedded database (H2, HSQL or Derby), please put it on the classpath.
	If you have database settings to be loaded from a particular profile you may need to activate it (no profiles are currently active).

2025-04-21 22:10:19 [restartedMain] INFO  BoardFrontEndApplication - Starting BoardFrontEndApplication using Java 17.0.1 with PID 18616 (C:\Users\dldms\git\Spring\project_front_end\bin\main started by dldms in C:\Users\dldms\git\Spring\project_front_end)
2025-04-21 22:10:19 [restartedMain] INFO  BoardFrontEndApplication - No active profile set, falling back to 1 default profile: "default"
2025-04-21 22:10:20 [restartedMain] INFO  ChangeableUrls - The Class-Path manifest attribute in C:\Users\dldms\.gradle\caches\modules-2\files-2.1\com.oracle.database.jdbc\ojdbc8\19.8.0.0\df9cff9b91c47d06b9a0482d566ee2d83a03e586\ojdbc8-19.8.0.0.jar referenced one or more files that do not exist: file:/C:/Users/dldms/.gradle/caches/modules-2/files-2.1/com.oracle.database.jdbc/ojdbc8/19.8.0.0/df9cff9b91c47d06b9a0482d566ee2d83a03e586/oraclepki.jar
2025-04-21 22:10:20 [restartedMain] INFO  DevToolsPropertyDefaultsPostProcessor - Devtools property defaults active! Set 'spring.devtools.add-properties' to 'false' to disable
2025-04-21 22:10:20 [restartedMain] INFO  DevToolsPropertyDefaultsPostProcessor - For additional web related logging consider setting the 'logging.level.web' property to 'DEBUG'
2025-04-21 22:10:21 [restartedMain] WARN  ClassPathMapperScanner - No MyBatis mapper was found in '[front]' package. Please check your configuration.
2025-04-21 22:10:22 [restartedMain] INFO  TomcatWebServer - Tomcat initialized with port 8080 (http)
2025-04-21 22:10:22 [restartedMain] INFO  Http11NioProtocol - Initializing ProtocolHandler ["http-nio-8080"]
2025-04-21 22:10:22 [restartedMain] INFO  StandardService - Starting service [Tomcat]
2025-04-21 22:10:22 [restartedMain] INFO  StandardEngine - Starting Servlet engine: [Apache Tomcat/10.1.39]
2025-04-21 22:10:22 [restartedMain] INFO  [/] - Initializing Spring embedded WebApplicationContext
2025-04-21 22:10:22 [restartedMain] INFO  ServletWebServerApplicationContext - Root WebApplicationContext: initialization completed in 2687 ms
2025-04-21 22:10:23 [restartedMain] WARN  AnnotationConfigServletWebServerApplicationContext - Exception encountered during context initialization - cancelling refresh attempt: org.springframework.beans.factory.BeanCreationException: Error creating bean with name 'dataSource' defined in class path resource [org/springframework/boot/autoconfigure/jdbc/DataSourceConfiguration$Hikari.class]: Failed to instantiate [com.zaxxer.hikari.HikariDataSource]: Factory method 'dataSource' threw exception with message: Failed to determine a suitable driver class
2025-04-21 22:10:23 [restartedMain] INFO  StandardService - Stopping service [Tomcat]
2025-04-21 22:10:23 [restartedMain] INFO  ConditionEvaluationReportLogger - 

Error starting ApplicationContext. To display the condition evaluation report re-run your application with 'debug' enabled.
2025-04-21 22:10:23 [restartedMain] ERROR LoggingFailureAnalysisReporter - 

***************************
APPLICATION FAILED TO START
***************************

Description:

Failed to configure a DataSource: 'url' attribute is not specified and no embedded datasource could be configured.

Reason: Failed to determine a suitable driver class


Action:

Consider the following:
	If you want an embedded database (H2, HSQL or Derby), please put it on the classpath.
	If you have database settings to be loaded from a particular profile you may need to activate it (no profiles are currently active).

2025-04-21 22:13:18 [restartedMain] INFO  BoardFrontEndApplication - Starting BoardFrontEndApplication using Java 17.0.1 with PID 4184 (C:\Users\dldms\git\Spring\project_front_end\bin\main started by dldms in C:\Users\dldms\git\Spring\project_front_end)
2025-04-21 22:13:18 [restartedMain] INFO  BoardFrontEndApplication - No active profile set, falling back to 1 default profile: "default"
2025-04-21 22:13:19 [restartedMain] INFO  ChangeableUrls - The Class-Path manifest attribute in C:\Users\dldms\.gradle\caches\modules-2\files-2.1\com.oracle.database.jdbc\ojdbc8\19.8.0.0\df9cff9b91c47d06b9a0482d566ee2d83a03e586\ojdbc8-19.8.0.0.jar referenced one or more files that do not exist: file:/C:/Users/dldms/.gradle/caches/modules-2/files-2.1/com.oracle.database.jdbc/ojdbc8/19.8.0.0/df9cff9b91c47d06b9a0482d566ee2d83a03e586/oraclepki.jar
2025-04-21 22:13:19 [restartedMain] INFO  DevToolsPropertyDefaultsPostProcessor - Devtools property defaults active! Set 'spring.devtools.add-properties' to 'false' to disable
2025-04-21 22:13:19 [restartedMain] INFO  DevToolsPropertyDefaultsPostProcessor - For additional web related logging consider setting the 'logging.level.web' property to 'DEBUG'
2025-04-21 22:13:21 [restartedMain] WARN  ClassPathMapperScanner - No MyBatis mapper was found in '[front]' package. Please check your configuration.
2025-04-21 22:13:21 [restartedMain] INFO  TomcatWebServer - Tomcat initialized with port 8080 (http)
2025-04-21 22:13:21 [restartedMain] INFO  Http11NioProtocol - Initializing ProtocolHandler ["http-nio-8080"]
2025-04-21 22:13:21 [restartedMain] INFO  StandardService - Starting service [Tomcat]
2025-04-21 22:13:21 [restartedMain] INFO  StandardEngine - Starting Servlet engine: [Apache Tomcat/10.1.39]
2025-04-21 22:13:22 [restartedMain] INFO  [/] - Initializing Spring embedded WebApplicationContext
2025-04-21 22:13:22 [restartedMain] INFO  ServletWebServerApplicationContext - Root WebApplicationContext: initialization completed in 3002 ms
2025-04-21 22:13:22 [restartedMain] WARN  AnnotationConfigServletWebServerApplicationContext - Exception encountered during context initialization - cancelling refresh attempt: org.springframework.beans.factory.BeanCreationException: Error creating bean with name 'dataSource' defined in class path resource [org/springframework/boot/autoconfigure/jdbc/DataSourceConfiguration$Hikari.class]: Failed to instantiate [com.zaxxer.hikari.HikariDataSource]: Factory method 'dataSource' threw exception with message: Failed to determine a suitable driver class
2025-04-21 22:13:22 [restartedMain] INFO  StandardService - Stopping service [Tomcat]
2025-04-21 22:13:22 [restartedMain] INFO  ConditionEvaluationReportLogger - 

Error starting ApplicationContext. To display the condition evaluation report re-run your application with 'debug' enabled.
2025-04-21 22:13:22 [restartedMain] ERROR LoggingFailureAnalysisReporter - 

***************************
APPLICATION FAILED TO START
***************************

Description:

Failed to configure a DataSource: 'url' attribute is not specified and no embedded datasource could be configured.

Reason: Failed to determine a suitable driver class


Action:

Consider the following:
	If you want an embedded database (H2, HSQL or Derby), please put it on the classpath.
	If you have database settings to be loaded from a particular profile you may need to activate it (no profiles are currently active).

2025-04-21 22:19:34 [restartedMain] INFO  BoardFrontEndApplication - Starting BoardFrontEndApplication using Java 17.0.1 with PID 15264 (C:\Users\dldms\git\Spring\project_front_end\bin\main started by dldms in C:\Users\dldms\git\Spring\project_front_end)
2025-04-21 22:19:34 [restartedMain] INFO  BoardFrontEndApplication - No active profile set, falling back to 1 default profile: "default"
2025-04-21 22:19:34 [restartedMain] INFO  ChangeableUrls - The Class-Path manifest attribute in C:\Users\dldms\.gradle\caches\modules-2\files-2.1\com.oracle.database.jdbc\ojdbc8\19.8.0.0\df9cff9b91c47d06b9a0482d566ee2d83a03e586\ojdbc8-19.8.0.0.jar referenced one or more files that do not exist: file:/C:/Users/dldms/.gradle/caches/modules-2/files-2.1/com.oracle.database.jdbc/ojdbc8/19.8.0.0/df9cff9b91c47d06b9a0482d566ee2d83a03e586/oraclepki.jar
2025-04-21 22:19:34 [restartedMain] INFO  DevToolsPropertyDefaultsPostProcessor - Devtools property defaults active! Set 'spring.devtools.add-properties' to 'false' to disable
2025-04-21 22:19:34 [restartedMain] INFO  DevToolsPropertyDefaultsPostProcessor - For additional web related logging consider setting the 'logging.level.web' property to 'DEBUG'
2025-04-21 22:19:36 [restartedMain] WARN  ClassPathMapperScanner - No MyBatis mapper was found in '[front]' package. Please check your configuration.
2025-04-21 22:19:36 [restartedMain] INFO  TomcatWebServer - Tomcat initialized with port 8080 (http)
2025-04-21 22:19:36 [restartedMain] INFO  Http11NioProtocol - Initializing ProtocolHandler ["http-nio-8080"]
2025-04-21 22:19:36 [restartedMain] INFO  StandardService - Starting service [Tomcat]
2025-04-21 22:19:36 [restartedMain] INFO  StandardEngine - Starting Servlet engine: [Apache Tomcat/10.1.39]
2025-04-21 22:19:37 [restartedMain] INFO  [/] - Initializing Spring embedded WebApplicationContext
2025-04-21 22:19:37 [restartedMain] INFO  ServletWebServerApplicationContext - Root WebApplicationContext: initialization completed in 2966 ms
2025-04-21 22:19:37 [restartedMain] WARN  AnnotationConfigServletWebServerApplicationContext - Exception encountered during context initialization - cancelling refresh attempt: org.springframework.beans.factory.BeanCreationException: Error creating bean with name 'dataSource' defined in class path resource [org/springframework/boot/autoconfigure/jdbc/DataSourceConfiguration$Hikari.class]: Failed to instantiate [com.zaxxer.hikari.HikariDataSource]: Factory method 'dataSource' threw exception with message: Failed to determine a suitable driver class
2025-04-21 22:19:37 [restartedMain] INFO  StandardService - Stopping service [Tomcat]
2025-04-21 22:19:37 [restartedMain] INFO  ConditionEvaluationReportLogger - 

Error starting ApplicationContext. To display the condition evaluation report re-run your application with 'debug' enabled.
2025-04-21 22:19:38 [restartedMain] ERROR LoggingFailureAnalysisReporter - 

***************************
APPLICATION FAILED TO START
***************************

Description:

Failed to configure a DataSource: 'url' attribute is not specified and no embedded datasource could be configured.

Reason: Failed to determine a suitable driver class


Action:

Consider the following:
	If you want an embedded database (H2, HSQL or Derby), please put it on the classpath.
	If you have database settings to be loaded from a particular profile you may need to activate it (no profiles are currently active).

2025-04-21 22:24:52 [restartedMain] INFO  BoardFrontEndApplication - Starting BoardFrontEndApplication using Java 17.0.1 with PID 16804 (C:\Users\dldms\git\Spring\project_front_end\bin\main started by dldms in C:\Users\dldms\git\Spring\project_front_end)
2025-04-21 22:24:52 [restartedMain] INFO  BoardFrontEndApplication - No active profile set, falling back to 1 default profile: "default"
2025-04-21 22:24:52 [restartedMain] INFO  ChangeableUrls - The Class-Path manifest attribute in C:\Users\dldms\.gradle\caches\modules-2\files-2.1\com.oracle.database.jdbc\ojdbc8\19.8.0.0\df9cff9b91c47d06b9a0482d566ee2d83a03e586\ojdbc8-19.8.0.0.jar referenced one or more files that do not exist: file:/C:/Users/dldms/.gradle/caches/modules-2/files-2.1/com.oracle.database.jdbc/ojdbc8/19.8.0.0/df9cff9b91c47d06b9a0482d566ee2d83a03e586/oraclepki.jar
2025-04-21 22:24:52 [restartedMain] INFO  DevToolsPropertyDefaultsPostProcessor - Devtools property defaults active! Set 'spring.devtools.add-properties' to 'false' to disable
2025-04-21 22:24:52 [restartedMain] INFO  DevToolsPropertyDefaultsPostProcessor - For additional web related logging consider setting the 'logging.level.web' property to 'DEBUG'
2025-04-21 22:24:54 [restartedMain] WARN  ClassPathMapperScanner - No MyBatis mapper was found in '[front]' package. Please check your configuration.
2025-04-21 22:24:54 [restartedMain] INFO  TomcatWebServer - Tomcat initialized with port 8080 (http)
2025-04-21 22:24:54 [restartedMain] INFO  Http11NioProtocol - Initializing ProtocolHandler ["http-nio-8080"]
2025-04-21 22:24:54 [restartedMain] INFO  StandardService - Starting service [Tomcat]
2025-04-21 22:24:54 [restartedMain] INFO  StandardEngine - Starting Servlet engine: [Apache Tomcat/10.1.39]
2025-04-21 22:24:55 [restartedMain] INFO  [/] - Initializing Spring embedded WebApplicationContext
2025-04-21 22:24:55 [restartedMain] INFO  ServletWebServerApplicationContext - Root WebApplicationContext: initialization completed in 2794 ms
2025-04-21 22:24:55 [restartedMain] WARN  AnnotationConfigServletWebServerApplicationContext - Exception encountered during context initialization - cancelling refresh attempt: org.springframework.beans.factory.BeanCreationException: Error creating bean with name 'dataSource' defined in class path resource [org/springframework/boot/autoconfigure/jdbc/DataSourceConfiguration$Hikari.class]: Failed to instantiate [com.zaxxer.hikari.HikariDataSource]: Factory method 'dataSource' threw exception with message: Failed to determine a suitable driver class
2025-04-21 22:24:55 [restartedMain] INFO  StandardService - Stopping service [Tomcat]
2025-04-21 22:24:55 [restartedMain] INFO  ConditionEvaluationReportLogger - 

Error starting ApplicationContext. To display the condition evaluation report re-run your application with 'debug' enabled.
2025-04-21 22:24:55 [restartedMain] ERROR LoggingFailureAnalysisReporter - 

***************************
APPLICATION FAILED TO START
***************************

Description:

Failed to configure a DataSource: 'url' attribute is not specified and no embedded datasource could be configured.

Reason: Failed to determine a suitable driver class


Action:

Consider the following:
	If you want an embedded database (H2, HSQL or Derby), please put it on the classpath.
	If you have database settings to be loaded from a particular profile you may need to activate it (no profiles are currently active).

